2026-04-25 17:31:40 [INFO] Privacy status scanned
2026-04-25 17:31:54 [INFO] Performance scan found 10 recommendations
2026-04-25 17:31:54 [INFO] Realtime monitor started
2026-04-25 17:31:54 [INFO] WinPulse Pro started
2026-04-25 17:33:21 [INFO] \u2713 Blocked: AsusSoftwareManager.exe
2026-04-25 17:33:39 [INFO] \u2713 Blocked: vivoesService_x64.exe
2026-04-25 17:35:03 [INFO] \u2713 Disabled: DiagTrack
2026-04-25 17:35:03 [INFO] \u2717 Failed to stop: DiagTrack
2026-04-25 17:35:03 [INFO] \u2713 Disabled: dmwappushservice
2026-04-25 17:35:03 [INFO] \u2717 Failed to stop: dmwappushservice
2026-04-25 17:35:03 [INFO] \u2713 Disabled: lfsvc
2026-04-25 17:35:03 [INFO] \u2717 Failed to stop: lfsvc
2026-04-25 17:35:03 [INFO] \u2713 Disabled: MapsBroker
2026-04-25 17:35:03 [INFO] \u2717 Failed to stop: MapsBroker
2026-04-25 17:35:03 [INFO] \u2713 Disabled: RetailDemo
2026-04-25 17:35:03 [INFO] \u2717 Failed to stop: RetailDemo
2026-04-25 17:35:03 [INFO] \u2713 Disabled: SysMain
2026-04-25 17:35:03 [INFO] \u2717 Failed to stop: SysMain
2026-04-25 17:35:03 [INFO] \u2713 Disabled: WSearch
2026-04-25 17:35:04 [INFO] \u2717 Failed to stop: WSearch
2026-04-25 17:35:04 [INFO] \u2713 Disabled: XblAuthManager
2026-04-25 17:35:04 [INFO] \u2717 Failed to stop: XblAuthManager
2026-04-25 17:35:04 [INFO] \u2713 Disabled: XblGameSave
2026-04-25 17:35:04 [INFO] \u2717 Failed to stop: XblGameSave
2026-04-25 17:35:04 [INFO] \u2713 Disabled: XboxNetApiSvc
2026-04-25 17:35:04 [INFO] \u2717 Failed to stop: XboxNetApiSvc
2026-04-25 17:35:04 [INFO] Monitor recorded: Service 'DiagTrack'
2026-04-25 17:35:04 [INFO] Monitor recorded: Service 'dmwappushservice'
2026-04-25 17:35:04 [INFO] Monitor recorded: Service 'lfsvc'
2026-04-25 17:35:04 [INFO] Monitor recorded: Service 'MapsBroker'
2026-04-25 17:35:04 [INFO] Monitor recorded: Service 'RetailDemo'
2026-04-25 17:35:04 [INFO] Monitor recorded: Service 'SysMain'
2026-04-25 17:35:04 [INFO] Monitor recorded: Service 'WSearch'
2026-04-25 17:35:04 [INFO] Monitor recorded: Service 'XblAuthManager'
2026-04-25 17:35:04 [INFO] Monitor recorded: Service 'XblGameSave'
2026-04-25 17:35:04 [INFO] Monitor recorded: Service 'XboxNetApiSvc'
2026-04-25 17:35:19 [INFO] Performance scan found 10 recommendations
2026-04-25 17:35:33 [INFO] Performance scan found 10 recommendations
2026-04-25 17:35:46 [INFO] Performance scan found 10 recommendations
2026-04-25 17:35:51 [INFO] \u2713 Disabled: DiagTrack
2026-04-25 17:35:51 [INFO] \u2717 Failed to stop: DiagTrack
2026-04-25 17:35:51 [INFO] \u2713 Disabled: dmwappushservice
2026-04-25 17:35:52 [INFO] \u2717 Failed to stop: dmwappushservice
2026-04-25 17:35:52 [INFO] \u2713 Disabled: lfsvc
2026-04-25 17:35:52 [INFO] \u2717 Failed to stop: lfsvc
2026-04-25 17:35:52 [INFO] \u2713 Disabled: MapsBroker
2026-04-25 17:35:52 [INFO] \u2717 Failed to stop: MapsBroker
2026-04-25 17:35:52 [INFO] \u2713 Disabled: RetailDemo
2026-04-25 17:35:52 [INFO] \u2717 Failed to stop: RetailDemo
2026-04-25 17:35:52 [INFO] \u2713 Disabled: SysMain
2026-04-25 17:35:52 [INFO] \u2717 Failed to stop: SysMain
2026-04-25 17:35:52 [INFO] \u2713 Disabled: WSearch
2026-04-25 17:35:52 [INFO] \u2717 Failed to stop: WSearch
2026-04-25 17:35:52 [INFO] \u2713 Disabled: XblAuthManager
2026-04-25 17:35:52 [INFO] \u2717 Failed to stop: XblAuthManager
2026-04-25 17:35:52 [INFO] \u2713 Disabled: XblGameSave
2026-04-25 17:35:52 [INFO] \u2717 Failed to stop: XblGameSave
2026-04-25 17:35:52 [INFO] \u2713 Disabled: XboxNetApiSvc
2026-04-25 17:35:52 [INFO] \u2717 Failed to stop: XboxNetApiSvc
2026-04-25 17:35:52 [INFO] Monitor recorded: Service 'DiagTrack'
2026-04-25 17:35:52 [INFO] Monitor recorded: Service 'dmwappushservice'
2026-04-25 17:35:52 [INFO] Monitor recorded: Service 'lfsvc'
2026-04-25 17:35:52 [INFO] Monitor recorded: Service 'MapsBroker'
2026-04-25 17:35:52 [INFO] Monitor recorded: Service 'RetailDemo'
2026-04-25 17:35:52 [INFO] Monitor recorded: Service 'SysMain'
2026-04-25 17:35:52 [INFO] Monitor recorded: Service 'WSearch'
2026-04-25 17:35:52 [INFO] Monitor recorded: Service 'XblAuthManager'
2026-04-25 17:35:52 [INFO] Monitor recorded: Service 'XblGameSave'
2026-04-25 17:35:52 [INFO] Monitor recorded: Service 'XboxNetApiSvc'
2026-04-25 17:36:11 [INFO] Performance scan found 10 recommendations
2026-04-25 17:36:24 [INFO] WinPulse Pro closed
2026-04-25 18:23:19 [INFO] Privacy status scanned
2026-04-25 18:23:32 [INFO] Performance scan found 10 recommendations
2026-04-25 18:23:32 [INFO] Realtime monitor started
2026-04-25 18:23:32 [INFO] WinPulse Pro started
2026-04-25 18:24:26 [INFO] Starting memory optimization...
2026-04-25 18:24:27 [INFO] \u2713 Cleared working sets
2026-04-25 18:24:27 [INFO] \u2713 Python garbage collection completed
2026-04-25 18:24:28 [INFO] \u2713 Memory optimization complete - Freed: 5.9 MB
